<?xml version="1.0" encoding="UTF-8"?>
<testng-results ignored="0" total="1" passed="1" failed="0" skipped="0">
  <reporter-output>
  </reporter-output>
  <suite started-at="2023-10-17T17:59:33 IST" name="Suite" finished-at="2023-10-17T18:00:02 IST" duration-ms="28600">
    <groups>
    </groups>
    <test started-at="2023-10-17T17:59:33 IST" name="Test" finished-at="2023-10-17T18:00:02 IST" duration-ms="28600">
      <class name="com.portal.test.Login">
        <test-method is-config="true" signature="startbrowser()[pri:0, instance:com.portal.test.Login@7e5afaa6]" started-at="2023-10-17T17:59:34 IST" name="startbrowser" finished-at="2023-10-17T17:59:36 IST" duration-ms="2892" status="PASS">
          <reporter-output>
          </reporter-output>
        </test-method> <!-- startbrowser -->
        <test-method signature="portal_loin()[pri:0, instance:com.portal.test.Login@7e5afaa6]" started-at="2023-10-17T17:59:36 IST" name="portal_loin" finished-at="2023-10-17T18:00:02 IST" duration-ms="25653" status="PASS">
          <reporter-output>
          </reporter-output>
        </test-method> <!-- portal_loin -->
        <test-method is-config="true" signature="enbrowser()[pri:0, instance:com.portal.test.Login@7e5afaa6]" started-at="2023-10-17T18:00:02 IST" name="enbrowser" finished-at="2023-10-17T18:00:02 IST" duration-ms="0" status="PASS">
          <reporter-output>
          </reporter-output>
        </test-method> <!-- enbrowser -->
      </class> <!-- com.portal.test.Login -->
    </test> <!-- Test -->
  </suite> <!-- Suite -->
</testng-results>
