<?xml version="1.0" encoding="UTF-8"?>
<testng-results ignored="0" total="1" passed="1" failed="0" skipped="0">
  <reporter-output>
  </reporter-output>
  <suite started-at="2023-10-17T16:59:43 IST" name="Suite" finished-at="2023-10-17T17:00:07 IST" duration-ms="23990">
    <groups>
    </groups>
    <test started-at="2023-10-17T16:59:43 IST" name="Test" finished-at="2023-10-17T17:00:07 IST" duration-ms="23990">
      <class name="com.portal.test.Login">
        <test-method is-config="true" signature="startbrowser()[pri:0, instance:com.portal.test.Login@1151e434]" started-at="2023-10-17T16:59:43 IST" name="startbrowser" finished-at="2023-10-17T16:59:47 IST" duration-ms="4053" status="PASS">
          <reporter-output>
          </reporter-output>
        </test-method> <!-- startbrowser -->
        <test-method signature="portal_loin()[pri:0, instance:com.portal.test.Login@1151e434]" started-at="2023-10-17T16:59:47 IST" name="portal_loin" finished-at="2023-10-17T17:00:07 IST" duration-ms="19871" status="PASS">
          <reporter-output>
          </reporter-output>
        </test-method> <!-- portal_loin -->
      </class> <!-- com.portal.test.Login -->
    </test> <!-- Test -->
  </suite> <!-- Suite -->
</testng-results>
